<?xml version="1.0" encoding="UTF-8"?>
<!-- Generated by org.testng.reporters.JUnitReportReporter -->
<testsuite skipped="0" hostname="syd-d-pc0fxy2a" name="gmaps.tests.json.GetTest" tests="1" failures="0" timestamp="08 May 2018 02:08:29 GMT" time="1.780" errors="0">
  <testcase name="getAPITest" time="1.780" classname="gmaps.tests.json.GetTest"/>
</testsuite> <!-- gmaps.tests.json.GetTest -->
