<?xml version="1.0" encoding="UTF-8"?>
<!-- Generated by org.testng.reporters.JUnitReportReporter -->
<testsuite skipped="0" hostname="syd-d-pc0fxy2a" name="gmaps.tests.json.PostTest" tests="1" failures="0" timestamp="08 May 2018 02:08:29 GMT" time="0.348" errors="0">
  <testcase name="postAPITest" time="0.348" classname="gmaps.tests.json.PostTest"/>
</testsuite> <!-- gmaps.tests.json.PostTest -->
