<?xml version="1.0" encoding="UTF-8"?>
<!-- Generated by org.testng.reporters.JUnitReportReporter -->
<testsuite skipped="0" hostname="syd-d-pc0fxy2a" name="twitter.tests.PostAndUpdateTweetsTest" tests="2" failures="0" timestamp="10 May 2018 07:01:22 GMT" time="0.690" errors="0">
  <testcase name="tweetDelete" time="0.275" classname="twitter.tests.PostAndUpdateTweetsTest"/>
  <testcase name="postTweet" time="0.415" classname="twitter.tests.PostAndUpdateTweetsTest"/>
</testsuite> <!-- twitter.tests.PostAndUpdateTweetsTest -->
