<?xml version="1.0" encoding="UTF-8"?>
<!-- Generated by org.testng.reporters.JUnitReportReporter -->
<testsuite skipped="0" hostname="syd-d-pc0fxy2a" name="gmaps.tests.json.GetTest" tests="1" failures="0" timestamp="10 May 2018 07:01:22 GMT" time="0.653" errors="0">
  <testcase name="getAPITest" time="0.653" classname="gmaps.tests.json.GetTest"/>
</testsuite> <!-- gmaps.tests.json.GetTest -->
