<?xml version="1.0" encoding="UTF-8"?>
<!-- Generated by org.testng.reporters.JUnitReportReporter -->
<testsuite skipped="0" hostname="syd-d-pc0fxy2a" name="gmaps.tests.json.AddAndDeletePlace" tests="1" failures="0" timestamp="10 May 2018 07:01:22 GMT" time="1.969" errors="0">
  <testcase name="addAndDeletePlace" time="1.969" classname="gmaps.tests.json.AddAndDeletePlace"/>
</testsuite> <!-- gmaps.tests.json.AddAndDeletePlace -->
